<?xml version="1.0" encoding="UTF-8"?>
<!-- Generated by org.testng.reporters.JUnitXMLReporter -->
<testsuite ignored="0" hostname="DESKTOP-31AJMJQ" failures="0" tests="2" name="RestAPITest" time="0.953" errors="0" timestamp="11 Aug 2021 16:56:57 GMT">
  <testcase classname="com.assignment.testCases.TC001_ListofAllCustomers" name="checkResposeBodyofAllCustomers" time="0.009"/>
  <testcase classname="com.assignment.testCases.TC002_CustomerView" name="checkResposeBodyofCustomerView" time="0.0"/>
</testsuite> <!-- RestAPITest -->
